<?xml version="1.0" encoding="UTF-8"?>
<testng-results skipped="0" failed="0" ignored="0" total="1" passed="1">
  <reporter-output>
    <line>
      <![CDATA[The Controller sheet is successfully loaded]]>
    </line>
    <line>
      <![CDATA[STEP2]]>
    </line>
  </reporter-output>
  <suite name="Regression Test Script Execution Status" duration-ms="21861" started-at="2017-03-30T05:20:02Z" finished-at="2017-03-30T05:20:24Z">
    <groups>
    </groups>
    <test name="SignInTestcase" duration-ms="21861" started-at="2017-03-30T05:20:02Z" finished-at="2017-03-30T05:20:24Z">
      <class name="com.ta3s.testcases.LoginTest">
        <test-method status="PASS" signature="initiate()[pri:0, instance:com.ta3s.testcases.LoginTest@7946e1f4]" name="initiate" is-config="true" duration-ms="22456" started-at="2017-03-30T10:49:40Z" finished-at="2017-03-30T10:50:02Z">
          <reporter-output>
          </reporter-output>
        </test-method> <!-- initiate -->
        <test-method status="PASS" signature="setUp()[pri:0, instance:com.ta3s.testcases.LoginTest@7946e1f4]" name="setUp" is-config="true" duration-ms="14072" started-at="2017-03-30T10:50:02Z" finished-at="2017-03-30T10:50:16Z">
          <reporter-output>
            <line>
              <![CDATA[The Controller sheet is successfully loaded]]>
            </line>
          </reporter-output>
        </test-method> <!-- setUp -->
        <test-method status="PASS" signature="SignIn()[pri:0, instance:com.ta3s.testcases.LoginTest@7946e1f4]" name="SignIn" duration-ms="7754" started-at="2017-03-30T10:50:16Z" finished-at="2017-03-30T10:50:24Z">
          <reporter-output>
            <line>
              <![CDATA[STEP2]]>
            </line>
          </reporter-output>
        </test-method> <!-- SignIn -->
        <test-method status="PASS" signature="tearDown()[pri:0, instance:com.ta3s.testcases.LoginTest@7946e1f4]" name="tearDown" is-config="true" duration-ms="4750" started-at="2017-03-30T10:50:25Z" finished-at="2017-03-30T10:50:30Z">
          <reporter-output>
          </reporter-output>
        </test-method> <!-- tearDown -->
      </class> <!-- com.ta3s.testcases.LoginTest -->
    </test> <!-- SignInTestcase -->
  </suite> <!-- Regression Test Script Execution Status -->
</testng-results>
